2021-09-14 07:05:58,733 INFO sqlalchemy.engine.base.Engine : SELECT CAST('test plain returns' AS VARCHAR(60)) AS anon_1
2021-09-14 07:05:58,733 INFO sqlalchemy.engine.base.Engine : ()
2021-09-14 07:05:58,733 INFO sqlalchemy.engine.base.Engine : SELECT CAST('test unicode returns' AS VARCHAR(60)) AS anon_1
2021-09-14 07:05:58,734 INFO sqlalchemy.engine.base.Engine : ()
2021-09-14 07:05:58,734 INFO sqlalchemy.engine.base.Engine : BEGIN (implicit)
2021-09-14 07:05:58,735 INFO sqlalchemy.engine.base.Engine : INSERT INTO user_model (username, password_hash, is_staff, role) VALUES (?, ?, ?, ?)
2021-09-14 07:05:58,735 INFO sqlalchemy.engine.base.Engine : ('admin', '$6$rounds=656000$ZFp2AAXvNF7JogSQ$ytNTy04ooha.lM6q2c70UEU/K6uYUUk8STy/eex0lOzpnlmczSrQ1LgfvzRG5Wqa.PsTAd9uNBT2q51PT8Poc1', 0, 'simple_user')
2021-09-14 07:05:58,736 INFO sqlalchemy.engine.base.Engine : ROLLBACK
2021-09-14 07:07:17,588 INFO sqlalchemy.engine.base.Engine : BEGIN (implicit)
2021-09-14 07:07:17,589 INFO sqlalchemy.engine.base.Engine : INSERT INTO user_model (username, password_hash, is_staff, role) VALUES (?, ?, ?, ?)
2021-09-14 07:07:17,589 INFO sqlalchemy.engine.base.Engine : ('admin', '$6$rounds=656000$ZFp2AAXvNF7JogSQ$ytNTy04ooha.lM6q2c70UEU/K6uYUUk8STy/eex0lOzpnlmczSrQ1LgfvzRG5Wqa.PsTAd9uNBT2q51PT8Poc1', 0, 'admin')
2021-09-14 07:07:17,590 INFO sqlalchemy.engine.base.Engine : ROLLBACK
2021-09-14 07:11:47,621 INFO sqlalchemy.engine.base.Engine : BEGIN (implicit)
2021-09-14 07:11:47,622 INFO sqlalchemy.engine.base.Engine : SELECT user_model.id AS user_model_id, user_model.username AS user_model_username, user_model.password_hash AS user_model_password_hash, user_model.is_staff AS user_model_is_staff, user_model.role AS user_model_role 
FROM user_model
2021-09-14 07:11:47,622 INFO sqlalchemy.engine.base.Engine : ()
2021-09-14 07:12:19,756 INFO sqlalchemy.engine.base.Engine : ROLLBACK
2021-09-14 07:12:38,036 INFO sqlalchemy.engine.base.Engine : SELECT CAST('test plain returns' AS VARCHAR(60)) AS anon_1
2021-09-14 07:12:38,037 INFO sqlalchemy.engine.base.Engine : ()
2021-09-14 07:12:38,037 INFO sqlalchemy.engine.base.Engine : SELECT CAST('test unicode returns' AS VARCHAR(60)) AS anon_1
2021-09-14 07:12:38,037 INFO sqlalchemy.engine.base.Engine : ()
2021-09-14 07:12:38,038 INFO sqlalchemy.engine.base.Engine : BEGIN (implicit)
2021-09-14 07:12:38,039 INFO sqlalchemy.engine.base.Engine : INSERT INTO user_model (username, password_hash, is_staff, role) VALUES (?, ?, ?, ?)
2021-09-14 07:12:38,039 INFO sqlalchemy.engine.base.Engine : ('admin', '$6$rounds=656000$hjm5tMWReHNnAIVV$xIMzkoPAJdiAevtd1d4NKTHErjyKs0WsKX8CX1oqF2A01zO4izOU3wZ14rWlwOjrHKWCBfXpdzcY58T7U0WuJ1', 0, 'simple_user')
2021-09-14 07:12:38,040 INFO sqlalchemy.engine.base.Engine : COMMIT
2021-09-14 07:12:50,740 INFO sqlalchemy.engine.base.Engine : BEGIN (implicit)
2021-09-14 07:12:50,741 INFO sqlalchemy.engine.base.Engine : SELECT user_model.id AS user_model_id, user_model.username AS user_model_username, user_model.password_hash AS user_model_password_hash, user_model.is_staff AS user_model_is_staff 
FROM user_model 
WHERE user_model.id = ?
2021-09-14 07:12:50,741 INFO sqlalchemy.engine.base.Engine : (1,)
2021-09-14 07:12:50,742 INFO sqlalchemy.engine.base.Engine : UPDATE user_model SET role=? WHERE user_model.id = ?
2021-09-14 07:12:50,742 INFO sqlalchemy.engine.base.Engine : ('admin', 1)
2021-09-14 07:12:50,743 INFO sqlalchemy.engine.base.Engine : COMMIT
2021-09-14 07:13:00,419 INFO sqlalchemy.engine.base.Engine : BEGIN (implicit)
2021-09-14 07:13:00,419 INFO sqlalchemy.engine.base.Engine : SELECT user_model.id AS user_model_id, user_model.username AS user_model_username, user_model.password_hash AS user_model_password_hash, user_model.is_staff AS user_model_is_staff, user_model.role AS user_model_role 
FROM user_model
2021-09-14 07:13:00,419 INFO sqlalchemy.engine.base.Engine : ()
2021-09-14 07:13:17,249 INFO sqlalchemy.engine.base.Engine : INSERT INTO user_model (username, password_hash, is_staff, role) VALUES (?, ?, ?, ?)
2021-09-14 07:13:17,249 INFO sqlalchemy.engine.base.Engine : ('user-1', '$6$rounds=656000$Tu/jGTpWfLUxAK0S$o3YE2vDNGFhwYRrWMn75qlMqaa.I4PxmC9r9plFUPjaRMxgnS/EikTPGNySml.51OQZOAi/0zvswdxBmY41AF/', 0, 'simple_user')
2021-09-14 07:13:17,250 INFO sqlalchemy.engine.base.Engine : COMMIT
2021-09-14 07:13:27,678 INFO sqlalchemy.engine.base.Engine : BEGIN (implicit)
2021-09-14 07:13:27,679 INFO sqlalchemy.engine.base.Engine : INSERT INTO user_model (username, password_hash, is_staff, role) VALUES (?, ?, ?, ?)
2021-09-14 07:13:27,679 INFO sqlalchemy.engine.base.Engine : ('user-2', '$6$rounds=656000$ZJfU5upFC5yaNv0m$uwrlhA4WG.RgDVRBJDa/fyyUBCCwYCTN3dgFvVWFDs1EyDlTGn.XavtRa9YCdbbn870yZNJHqSr3I4Ngsoie31', 0, 'simple_user')
2021-09-14 07:13:27,680 INFO sqlalchemy.engine.base.Engine : COMMIT
2021-09-14 07:13:30,634 INFO sqlalchemy.engine.base.Engine : BEGIN (implicit)
2021-09-14 07:13:30,634 INFO sqlalchemy.engine.base.Engine : SELECT user_model.id AS user_model_id, user_model.username AS user_model_username, user_model.password_hash AS user_model_password_hash, user_model.is_staff AS user_model_is_staff, user_model.role AS user_model_role 
FROM user_model
2021-09-14 07:13:30,634 INFO sqlalchemy.engine.base.Engine : ()
2021-09-14 07:18:28,180 INFO sqlalchemy.engine.base.Engine : SELECT user_model.id AS user_model_id, user_model.username AS user_model_username, user_model.password_hash AS user_model_password_hash, user_model.is_staff AS user_model_is_staff, user_model.role AS user_model_role 
FROM user_model
2021-09-14 07:18:28,180 INFO sqlalchemy.engine.base.Engine : ()
2021-09-14 07:25:16,924 INFO sqlalchemy.engine.base.Engine : INSERT INTO note_model (author_id, text, private) VALUES (?, ?, ?)
2021-09-14 07:25:16,924 INFO sqlalchemy.engine.base.Engine : (1, 'Admins note-1', 1)
2021-09-14 07:25:16,925 INFO sqlalchemy.engine.base.Engine : COMMIT
2021-09-14 07:25:25,097 INFO sqlalchemy.engine.base.Engine : BEGIN (implicit)
2021-09-14 07:25:25,098 INFO sqlalchemy.engine.base.Engine : SELECT note_model.id AS note_model_id, note_model.author_id AS note_model_author_id, note_model.text AS note_model_text, note_model.private AS note_model_private 
FROM note_model 
WHERE note_model.id = ?
2021-09-14 07:25:25,098 INFO sqlalchemy.engine.base.Engine : (1,)
2021-09-14 07:25:42,728 INFO sqlalchemy.engine.base.Engine : SELECT user_model.id AS user_model_id, user_model.username AS user_model_username, user_model.password_hash AS user_model_password_hash, user_model.is_staff AS user_model_is_staff, user_model.role AS user_model_role 
FROM user_model 
WHERE user_model.id = ?
2021-09-14 07:25:42,729 INFO sqlalchemy.engine.base.Engine : (1,)
2021-09-14 07:25:42,730 INFO sqlalchemy.engine.base.Engine : INSERT INTO note_model (author_id, text, private) VALUES (?, ?, ?)
2021-09-14 07:25:42,730 INFO sqlalchemy.engine.base.Engine : (1, 'Admins note-2', 1)
2021-09-14 07:25:42,731 INFO sqlalchemy.engine.base.Engine : COMMIT
2021-09-14 07:25:47,683 INFO sqlalchemy.engine.base.Engine : BEGIN (implicit)
2021-09-14 07:25:47,684 INFO sqlalchemy.engine.base.Engine : SELECT user_model.id AS user_model_id, user_model.username AS user_model_username, user_model.password_hash AS user_model_password_hash, user_model.is_staff AS user_model_is_staff, user_model.role AS user_model_role 
FROM user_model 
WHERE user_model.id = ?
2021-09-14 07:25:47,684 INFO sqlalchemy.engine.base.Engine : (1,)
2021-09-14 07:25:47,686 INFO sqlalchemy.engine.base.Engine : INSERT INTO note_model (author_id, text, private) VALUES (?, ?, ?)
2021-09-14 07:25:47,686 INFO sqlalchemy.engine.base.Engine : (1, 'Admins note-3', 1)
2021-09-14 07:25:47,687 INFO sqlalchemy.engine.base.Engine : COMMIT
2021-09-14 07:26:16,891 INFO sqlalchemy.engine.base.Engine : BEGIN (implicit)
2021-09-14 07:26:16,892 INFO sqlalchemy.engine.base.Engine : SELECT user_model.id AS user_model_id, user_model.username AS user_model_username, user_model.password_hash AS user_model_password_hash, user_model.is_staff AS user_model_is_staff, user_model.role AS user_model_role 
FROM user_model 
WHERE user_model.id = ?
2021-09-14 07:26:16,892 INFO sqlalchemy.engine.base.Engine : (2,)
2021-09-14 07:26:48,123 INFO sqlalchemy.engine.base.Engine : SELECT user_model.id AS user_model_id, user_model.username AS user_model_username, user_model.password_hash AS user_model_password_hash, user_model.is_staff AS user_model_is_staff, user_model.role AS user_model_role 
FROM user_model 
WHERE user_model.id = ?
2021-09-14 07:26:48,124 INFO sqlalchemy.engine.base.Engine : (3,)
2021-09-14 07:27:38,031 INFO sqlalchemy.engine.base.Engine : INSERT INTO note_model (author_id, text, private) VALUES (?, ?, ?)
2021-09-14 07:27:38,032 INFO sqlalchemy.engine.base.Engine : (2, 'user-1 note-1', 1)
2021-09-14 07:27:38,032 INFO sqlalchemy.engine.base.Engine : COMMIT
2021-09-14 07:27:46,412 INFO sqlalchemy.engine.base.Engine : BEGIN (implicit)
2021-09-14 07:27:46,413 INFO sqlalchemy.engine.base.Engine : SELECT user_model.id AS user_model_id, user_model.username AS user_model_username, user_model.password_hash AS user_model_password_hash, user_model.is_staff AS user_model_is_staff, user_model.role AS user_model_role 
FROM user_model 
WHERE user_model.id = ?
2021-09-14 07:27:46,413 INFO sqlalchemy.engine.base.Engine : (2,)
2021-09-14 07:27:46,414 INFO sqlalchemy.engine.base.Engine : INSERT INTO note_model (author_id, text, private) VALUES (?, ?, ?)
2021-09-14 07:27:46,415 INFO sqlalchemy.engine.base.Engine : (2, 'user-1 note-2', 1)
2021-09-14 07:27:46,415 INFO sqlalchemy.engine.base.Engine : COMMIT
2021-09-14 07:27:59,673 INFO sqlalchemy.engine.base.Engine : BEGIN (implicit)
2021-09-14 07:27:59,674 INFO sqlalchemy.engine.base.Engine : SELECT user_model.id AS user_model_id, user_model.username AS user_model_username, user_model.password_hash AS user_model_password_hash, user_model.is_staff AS user_model_is_staff, user_model.role AS user_model_role 
FROM user_model 
WHERE user_model.id = ?
2021-09-14 07:27:59,675 INFO sqlalchemy.engine.base.Engine : (3,)
2021-09-14 07:27:59,676 INFO sqlalchemy.engine.base.Engine : INSERT INTO note_model (author_id, text, private) VALUES (?, ?, ?)
2021-09-14 07:27:59,676 INFO sqlalchemy.engine.base.Engine : (3, 'user-2 note-1', 1)
2021-09-14 07:27:59,677 INFO sqlalchemy.engine.base.Engine : COMMIT
2021-09-14 07:28:08,749 INFO sqlalchemy.engine.base.Engine : BEGIN (implicit)
2021-09-14 07:28:08,750 INFO sqlalchemy.engine.base.Engine : SELECT user_model.id AS user_model_id, user_model.username AS user_model_username, user_model.password_hash AS user_model_password_hash, user_model.is_staff AS user_model_is_staff, user_model.role AS user_model_role 
FROM user_model 
WHERE user_model.id = ?
2021-09-14 07:28:08,750 INFO sqlalchemy.engine.base.Engine : (3,)
2021-09-14 07:28:08,751 INFO sqlalchemy.engine.base.Engine : INSERT INTO note_model (author_id, text, private) VALUES (?, ?, ?)
2021-09-14 07:28:08,752 INFO sqlalchemy.engine.base.Engine : (3, 'user-2 note-2', 1)
2021-09-14 07:28:08,752 INFO sqlalchemy.engine.base.Engine : COMMIT
2021-09-14 07:35:32,185 INFO sqlalchemy.engine.base.Engine : BEGIN (implicit)
2021-09-14 07:35:32,186 INFO sqlalchemy.engine.base.Engine : SELECT note_model.id AS note_model_id, note_model.author_id AS note_model_author_id, note_model.text AS note_model_text, note_model.private AS note_model_private 
FROM note_model 
WHERE note_model.private = 1
 LIMIT ? OFFSET ?
2021-09-14 07:35:32,186 INFO sqlalchemy.engine.base.Engine : (1, 0)
2021-09-14 07:35:32,189 INFO sqlalchemy.engine.base.Engine : SELECT tag.id AS tag_id, tag.name AS tag_name, anon_1.note_model_id AS anon_1_note_model_id 
FROM (SELECT note_model.id AS note_model_id 
FROM note_model 
WHERE note_model.private = 1
 LIMIT ? OFFSET ?) AS anon_1 JOIN tags AS tags_1 ON anon_1.note_model_id = tags_1.note_model_id JOIN tag ON tag.id = tags_1.tag_id
2021-09-14 07:35:32,189 INFO sqlalchemy.engine.base.Engine : (1, 0)
2021-09-14 07:35:41,900 INFO sqlalchemy.engine.base.Engine : SELECT note_model.id AS note_model_id, note_model.author_id AS note_model_author_id, note_model.text AS note_model_text, note_model.private AS note_model_private 
FROM note_model 
WHERE note_model.private = 1
 LIMIT ? OFFSET ?
2021-09-14 07:35:41,900 INFO sqlalchemy.engine.base.Engine : (1, 1)
2021-09-14 07:35:41,902 INFO sqlalchemy.engine.base.Engine : SELECT tag.id AS tag_id, tag.name AS tag_name, anon_1.note_model_id AS anon_1_note_model_id 
FROM (SELECT note_model.id AS note_model_id 
FROM note_model 
WHERE note_model.private = 1
 LIMIT ? OFFSET ?) AS anon_1 JOIN tags AS tags_1 ON anon_1.note_model_id = tags_1.note_model_id JOIN tag ON tag.id = tags_1.tag_id
2021-09-14 07:35:41,902 INFO sqlalchemy.engine.base.Engine : (1, 1)
2021-09-14 07:36:12,407 INFO sqlalchemy.engine.base.Engine : SELECT note_model.id AS note_model_id, note_model.author_id AS note_model_author_id, note_model.text AS note_model_text, note_model.private AS note_model_private 
FROM note_model 
WHERE note_model.private = 1
2021-09-14 07:36:12,408 INFO sqlalchemy.engine.base.Engine : ()
2021-09-14 07:36:12,410 INFO sqlalchemy.engine.base.Engine : SELECT tag.id AS tag_id, tag.name AS tag_name, anon_1.note_model_id AS anon_1_note_model_id 
FROM (SELECT note_model.id AS note_model_id 
FROM note_model 
WHERE note_model.private = 1) AS anon_1 JOIN tags AS tags_1 ON anon_1.note_model_id = tags_1.note_model_id JOIN tag ON tag.id = tags_1.tag_id
2021-09-14 07:36:12,410 INFO sqlalchemy.engine.base.Engine : ()
2021-09-14 07:37:30,321 INFO sqlalchemy.engine.base.Engine : UPDATE note_model SET private=? WHERE note_model.id = ?
2021-09-14 07:37:30,321 INFO sqlalchemy.engine.base.Engine : ((0, 5), (0, 6))
2021-09-14 07:37:30,322 INFO sqlalchemy.engine.base.Engine : COMMIT
2021-09-14 07:37:38,794 INFO sqlalchemy.engine.base.Engine : BEGIN (implicit)
2021-09-14 07:37:38,794 INFO sqlalchemy.engine.base.Engine : SELECT note_model.id AS note_model_id, note_model.author_id AS note_model_author_id, note_model.text AS note_model_text, note_model.private AS note_model_private 
FROM note_model 
WHERE note_model.id = ?
2021-09-14 07:37:38,795 INFO sqlalchemy.engine.base.Engine : (1,)
2021-09-14 07:37:38,796 INFO sqlalchemy.engine.base.Engine : SELECT note_model.id AS note_model_id, note_model.author_id AS note_model_author_id, note_model.text AS note_model_text, note_model.private AS note_model_private 
FROM note_model 
WHERE note_model.id = ?
2021-09-14 07:37:38,796 INFO sqlalchemy.engine.base.Engine : (2,)
2021-09-14 07:37:38,797 INFO sqlalchemy.engine.base.Engine : SELECT note_model.id AS note_model_id, note_model.author_id AS note_model_author_id, note_model.text AS note_model_text, note_model.private AS note_model_private 
FROM note_model 
WHERE note_model.id = ?
2021-09-14 07:37:38,797 INFO sqlalchemy.engine.base.Engine : (3,)
2021-09-14 07:37:38,798 INFO sqlalchemy.engine.base.Engine : SELECT note_model.id AS note_model_id, note_model.author_id AS note_model_author_id, note_model.text AS note_model_text, note_model.private AS note_model_private 
FROM note_model 
WHERE note_model.id = ?
2021-09-14 07:37:38,798 INFO sqlalchemy.engine.base.Engine : (4,)
2021-09-14 07:37:38,799 INFO sqlalchemy.engine.base.Engine : SELECT note_model.id AS note_model_id, note_model.author_id AS note_model_author_id, note_model.text AS note_model_text, note_model.private AS note_model_private 
FROM note_model 
WHERE note_model.id = ?
2021-09-14 07:37:38,799 INFO sqlalchemy.engine.base.Engine : (5,)
2021-09-14 07:37:38,800 INFO sqlalchemy.engine.base.Engine : SELECT note_model.id AS note_model_id, note_model.author_id AS note_model_author_id, note_model.text AS note_model_text, note_model.private AS note_model_private 
FROM note_model 
WHERE note_model.id = ?
2021-09-14 07:37:38,800 INFO sqlalchemy.engine.base.Engine : (6,)
2021-09-14 07:37:38,801 INFO sqlalchemy.engine.base.Engine : SELECT note_model.id AS note_model_id, note_model.author_id AS note_model_author_id, note_model.text AS note_model_text, note_model.private AS note_model_private 
FROM note_model 
WHERE note_model.id = ?
2021-09-14 07:37:38,802 INFO sqlalchemy.engine.base.Engine : (7,)
2021-09-14 07:38:02,904 INFO sqlalchemy.engine.base.Engine : SELECT note_model.id AS note_model_id, note_model.author_id AS note_model_author_id, note_model.text AS note_model_text, note_model.private AS note_model_private 
FROM note_model 
WHERE note_model.private = 1
2021-09-14 07:38:02,905 INFO sqlalchemy.engine.base.Engine : ()
2021-09-14 07:38:02,906 INFO sqlalchemy.engine.base.Engine : SELECT tag.id AS tag_id, tag.name AS tag_name, anon_1.note_model_id AS anon_1_note_model_id 
FROM (SELECT note_model.id AS note_model_id 
FROM note_model 
WHERE note_model.private = 1) AS anon_1 JOIN tags AS tags_1 ON anon_1.note_model_id = tags_1.note_model_id JOIN tag ON tag.id = tags_1.tag_id
2021-09-14 07:38:02,906 INFO sqlalchemy.engine.base.Engine : ()
2021-09-14 07:38:57,103 INFO sqlalchemy.engine.base.Engine : SELECT note_model.id AS note_model_id, note_model.author_id AS note_model_author_id, note_model.text AS note_model_text, note_model.private AS note_model_private 
FROM note_model 
WHERE note_model.private = 0
2021-09-14 07:38:57,103 INFO sqlalchemy.engine.base.Engine : ()
2021-09-14 07:38:57,105 INFO sqlalchemy.engine.base.Engine : SELECT tag.id AS tag_id, tag.name AS tag_name, anon_1.note_model_id AS anon_1_note_model_id 
FROM (SELECT note_model.id AS note_model_id 
FROM note_model 
WHERE note_model.private = 0) AS anon_1 JOIN tags AS tags_1 ON anon_1.note_model_id = tags_1.note_model_id JOIN tag ON tag.id = tags_1.tag_id
2021-09-14 07:38:57,105 INFO sqlalchemy.engine.base.Engine : ()
2021-09-14 07:39:51,977 INFO sqlalchemy.engine.base.Engine : SELECT note_model.id AS note_model_id, note_model.author_id AS note_model_author_id, note_model.text AS note_model_text, note_model.private AS note_model_private 
FROM note_model 
WHERE note_model.private = 0
2021-09-14 07:39:51,978 INFO sqlalchemy.engine.base.Engine : ()
2021-09-14 07:39:51,979 INFO sqlalchemy.engine.base.Engine : SELECT tag.id AS tag_id, tag.name AS tag_name, anon_1.note_model_id AS anon_1_note_model_id 
FROM (SELECT note_model.id AS note_model_id 
FROM note_model 
WHERE note_model.private = 0) AS anon_1 JOIN tags AS tags_1 ON anon_1.note_model_id = tags_1.note_model_id JOIN tag ON tag.id = tags_1.tag_id
2021-09-14 07:39:51,979 INFO sqlalchemy.engine.base.Engine : ()
2021-09-14 07:40:22,052 INFO sqlalchemy.engine.base.Engine : UPDATE note_model SET private=? WHERE note_model.id = ?
2021-09-14 07:40:22,052 INFO sqlalchemy.engine.base.Engine : (1, 6)
2021-09-14 07:40:22,053 INFO sqlalchemy.engine.base.Engine : COMMIT
2021-09-14 07:40:24,864 INFO sqlalchemy.engine.base.Engine : BEGIN (implicit)
2021-09-14 07:40:24,865 INFO sqlalchemy.engine.base.Engine : SELECT note_model.id AS note_model_id, note_model.author_id AS note_model_author_id, note_model.text AS note_model_text, note_model.private AS note_model_private 
FROM note_model 
WHERE note_model.private = 0
2021-09-14 07:40:24,865 INFO sqlalchemy.engine.base.Engine : ()
2021-09-14 07:40:24,866 INFO sqlalchemy.engine.base.Engine : SELECT tag.id AS tag_id, tag.name AS tag_name, anon_1.note_model_id AS anon_1_note_model_id 
FROM (SELECT note_model.id AS note_model_id 
FROM note_model 
WHERE note_model.private = 0) AS anon_1 JOIN tags AS tags_1 ON anon_1.note_model_id = tags_1.note_model_id JOIN tag ON tag.id = tags_1.tag_id
2021-09-14 07:40:24,866 INFO sqlalchemy.engine.base.Engine : ()
2021-09-14 07:40:36,975 INFO sqlalchemy.engine.base.Engine : SELECT note_model.id AS note_model_id, note_model.author_id AS note_model_author_id, note_model.text AS note_model_text, note_model.private AS note_model_private 
FROM note_model 
WHERE note_model.private = 1
2021-09-14 07:40:36,975 INFO sqlalchemy.engine.base.Engine : ()
2021-09-14 07:40:36,976 INFO sqlalchemy.engine.base.Engine : SELECT tag.id AS tag_id, tag.name AS tag_name, anon_1.note_model_id AS anon_1_note_model_id 
FROM (SELECT note_model.id AS note_model_id 
FROM note_model 
WHERE note_model.private = 1) AS anon_1 JOIN tags AS tags_1 ON anon_1.note_model_id = tags_1.note_model_id JOIN tag ON tag.id = tags_1.tag_id
2021-09-14 07:40:36,977 INFO sqlalchemy.engine.base.Engine : ()
2021-09-14 07:41:07,856 INFO sqlalchemy.engine.base.Engine : UPDATE note_model SET private=? WHERE note_model.id = ?
2021-09-14 07:41:07,856 INFO sqlalchemy.engine.base.Engine : (0, 4)
2021-09-14 07:41:07,857 INFO sqlalchemy.engine.base.Engine : COMMIT
2021-09-14 07:41:10,851 INFO sqlalchemy.engine.base.Engine : BEGIN (implicit)
2021-09-14 07:41:10,853 INFO sqlalchemy.engine.base.Engine : SELECT note_model.id AS note_model_id, note_model.author_id AS note_model_author_id, note_model.text AS note_model_text, note_model.private AS note_model_private 
FROM note_model 
WHERE note_model.private = 1
2021-09-14 07:41:10,853 INFO sqlalchemy.engine.base.Engine : ()
2021-09-14 07:41:10,854 INFO sqlalchemy.engine.base.Engine : SELECT tag.id AS tag_id, tag.name AS tag_name, anon_1.note_model_id AS anon_1_note_model_id 
FROM (SELECT note_model.id AS note_model_id 
FROM note_model 
WHERE note_model.private = 1) AS anon_1 JOIN tags AS tags_1 ON anon_1.note_model_id = tags_1.note_model_id JOIN tag ON tag.id = tags_1.tag_id
2021-09-14 07:41:10,854 INFO sqlalchemy.engine.base.Engine : ()
2021-09-14 07:42:46,482 INFO sqlalchemy.engine.base.Engine : INSERT INTO tag (name) VALUES (?)
2021-09-14 07:42:46,483 INFO sqlalchemy.engine.base.Engine : ('adm-tag',)
2021-09-14 07:42:46,483 INFO sqlalchemy.engine.base.Engine : COMMIT
2021-09-14 07:42:59,958 INFO sqlalchemy.engine.base.Engine : BEGIN (implicit)
2021-09-14 07:42:59,959 INFO sqlalchemy.engine.base.Engine : INSERT INTO tag (name) VALUES (?)
2021-09-14 07:42:59,959 INFO sqlalchemy.engine.base.Engine : ('tag-all',)
2021-09-14 07:42:59,960 INFO sqlalchemy.engine.base.Engine : COMMIT
2021-09-14 07:43:26,185 INFO sqlalchemy.engine.base.Engine : BEGIN (implicit)
2021-09-14 07:43:26,186 INFO sqlalchemy.engine.base.Engine : INSERT INTO tag (name) VALUES (?)
2021-09-14 07:43:26,186 INFO sqlalchemy.engine.base.Engine : ('tag-important',)
2021-09-14 07:43:26,187 INFO sqlalchemy.engine.base.Engine : COMMIT
2021-09-14 07:48:36,152 INFO sqlalchemy.engine.base.Engine : BEGIN (implicit)
2021-09-14 07:48:36,152 INFO sqlalchemy.engine.base.Engine : SELECT note_model.id AS note_model_id, note_model.author_id AS note_model_author_id, note_model.text AS note_model_text, note_model.private AS note_model_private 
FROM note_model JOIN user_model ON user_model.id = note_model.author_id 
WHERE user_model.username = ?
2021-09-14 07:48:36,153 INFO sqlalchemy.engine.base.Engine : ('admin',)
2021-09-14 07:48:36,154 INFO sqlalchemy.engine.base.Engine : SELECT tag.id AS tag_id, tag.name AS tag_name, anon_1.note_model_id AS anon_1_note_model_id 
FROM (SELECT note_model.id AS note_model_id 
FROM note_model JOIN user_model ON user_model.id = note_model.author_id 
WHERE user_model.username = ?) AS anon_1 JOIN tags AS tags_1 ON anon_1.note_model_id = tags_1.note_model_id JOIN tag ON tag.id = tags_1.tag_id
2021-09-14 07:48:36,154 INFO sqlalchemy.engine.base.Engine : ('admin',)
2021-09-14 07:50:05,671 INFO sqlalchemy.engine.base.Engine : SELECT tag.id AS tag_id, tag.name AS tag_name 
FROM tag 
WHERE tag.name = ?
2021-09-14 07:50:05,672 INFO sqlalchemy.engine.base.Engine : ('adm-tag',)
2021-09-14 07:51:34,532 INFO sqlalchemy.engine.base.Engine : SELECT note_model.id AS note_model_id, note_model.author_id AS note_model_author_id, note_model.text AS note_model_text, note_model.private AS note_model_private 
FROM note_model JOIN user_model ON user_model.id = note_model.author_id 
WHERE user_model.username = ?
2021-09-14 07:51:34,532 INFO sqlalchemy.engine.base.Engine : ('admin',)
2021-09-14 07:51:34,534 INFO sqlalchemy.engine.base.Engine : SELECT tag.id AS tag_id, tag.name AS tag_name, anon_1.note_model_id AS anon_1_note_model_id 
FROM (SELECT note_model.id AS note_model_id 
FROM note_model JOIN user_model ON user_model.id = note_model.author_id 
WHERE user_model.username = ?) AS anon_1 JOIN tags AS tags_1 ON anon_1.note_model_id = tags_1.note_model_id JOIN tag ON tag.id = tags_1.tag_id
2021-09-14 07:51:34,534 INFO sqlalchemy.engine.base.Engine : ('admin',)
2021-09-14 07:51:34,535 INFO sqlalchemy.engine.base.Engine : INSERT INTO tags (tag_id, note_model_id) VALUES (?, ?)
2021-09-14 07:51:34,536 INFO sqlalchemy.engine.base.Engine : (1, 1)
2021-09-14 07:51:34,536 INFO sqlalchemy.engine.base.Engine : COMMIT
2021-09-14 07:51:34,539 INFO sqlalchemy.engine.base.Engine : BEGIN (implicit)
2021-09-14 07:51:34,540 INFO sqlalchemy.engine.base.Engine : SELECT note_model.id AS note_model_id, note_model.author_id AS note_model_author_id, note_model.text AS note_model_text, note_model.private AS note_model_private 
FROM note_model 
WHERE note_model.id = ?
2021-09-14 07:51:34,540 INFO sqlalchemy.engine.base.Engine : (2,)
2021-09-14 07:51:34,542 INFO sqlalchemy.engine.base.Engine : SELECT tag.id AS tag_id, tag.name AS tag_name 
FROM tag, tags 
WHERE ? = tags.note_model_id AND tag.id = tags.tag_id
2021-09-14 07:51:34,542 INFO sqlalchemy.engine.base.Engine : (2,)
2021-09-14 07:51:34,544 INFO sqlalchemy.engine.base.Engine : SELECT tag.id AS tag_id, tag.name AS tag_name 
FROM tag 
WHERE tag.id = ?
2021-09-14 07:51:34,544 INFO sqlalchemy.engine.base.Engine : (1,)
2021-09-14 07:51:34,545 INFO sqlalchemy.engine.base.Engine : INSERT INTO tags (tag_id, note_model_id) VALUES (?, ?)
2021-09-14 07:51:34,545 INFO sqlalchemy.engine.base.Engine : (1, 2)
2021-09-14 07:51:34,546 INFO sqlalchemy.engine.base.Engine : COMMIT
2021-09-14 07:51:34,550 INFO sqlalchemy.engine.base.Engine : BEGIN (implicit)
2021-09-14 07:51:34,550 INFO sqlalchemy.engine.base.Engine : SELECT note_model.id AS note_model_id, note_model.author_id AS note_model_author_id, note_model.text AS note_model_text, note_model.private AS note_model_private 
FROM note_model 
WHERE note_model.id = ?
2021-09-14 07:51:34,550 INFO sqlalchemy.engine.base.Engine : (3,)
2021-09-14 07:51:34,551 INFO sqlalchemy.engine.base.Engine : SELECT tag.id AS tag_id, tag.name AS tag_name 
FROM tag, tags 
WHERE ? = tags.note_model_id AND tag.id = tags.tag_id
2021-09-14 07:51:34,551 INFO sqlalchemy.engine.base.Engine : (3,)
2021-09-14 07:51:34,553 INFO sqlalchemy.engine.base.Engine : SELECT tag.id AS tag_id, tag.name AS tag_name 
FROM tag 
WHERE tag.id = ?
2021-09-14 07:51:34,553 INFO sqlalchemy.engine.base.Engine : (1,)
2021-09-14 07:51:34,554 INFO sqlalchemy.engine.base.Engine : INSERT INTO tags (tag_id, note_model_id) VALUES (?, ?)
2021-09-14 07:51:34,554 INFO sqlalchemy.engine.base.Engine : (1, 3)
2021-09-14 07:51:34,555 INFO sqlalchemy.engine.base.Engine : COMMIT
2021-09-14 07:51:53,431 INFO sqlalchemy.engine.base.Engine : BEGIN (implicit)
2021-09-14 07:51:53,431 INFO sqlalchemy.engine.base.Engine : SELECT note_model.id AS note_model_id, note_model.author_id AS note_model_author_id, note_model.text AS note_model_text, note_model.private AS note_model_private 
FROM note_model JOIN user_model ON user_model.id = note_model.author_id 
WHERE user_model.username = ?
 LIMIT ? OFFSET ?
2021-09-14 07:51:53,432 INFO sqlalchemy.engine.base.Engine : ('admin', 1, 0)
2021-09-14 07:51:53,434 INFO sqlalchemy.engine.base.Engine : SELECT tag.id AS tag_id, tag.name AS tag_name, anon_1.note_model_id AS anon_1_note_model_id 
FROM (SELECT note_model.id AS note_model_id 
FROM note_model JOIN user_model ON user_model.id = note_model.author_id 
WHERE user_model.username = ?
 LIMIT ? OFFSET ?) AS anon_1 JOIN tags AS tags_1 ON anon_1.note_model_id = tags_1.note_model_id JOIN tag ON tag.id = tags_1.tag_id
2021-09-14 07:51:53,434 INFO sqlalchemy.engine.base.Engine : ('admin', 1, 0)
2021-09-14 07:52:39,788 INFO sqlalchemy.engine.base.Engine : SELECT note_model.id AS note_model_id, note_model.author_id AS note_model_author_id, note_model.text AS note_model_text, note_model.private AS note_model_private 
FROM note_model
2021-09-14 07:52:39,788 INFO sqlalchemy.engine.base.Engine : ()
2021-09-14 07:52:39,789 INFO sqlalchemy.engine.base.Engine : SELECT tag.id AS tag_id, tag.name AS tag_name, anon_1.note_model_id AS anon_1_note_model_id 
FROM (SELECT note_model.id AS note_model_id 
FROM note_model) AS anon_1 JOIN tags AS tags_1 ON anon_1.note_model_id = tags_1.note_model_id JOIN tag ON tag.id = tags_1.tag_id
2021-09-14 07:52:39,789 INFO sqlalchemy.engine.base.Engine : ()
2021-09-14 07:53:38,219 INFO sqlalchemy.engine.base.Engine : SELECT tag.id AS tag_id, tag.name AS tag_name 
FROM tag 
WHERE tag.name = ?
2021-09-14 07:53:38,219 INFO sqlalchemy.engine.base.Engine : ('tag-important',)
2021-09-14 07:54:21,544 INFO sqlalchemy.engine.base.Engine : INSERT INTO tags (tag_id, note_model_id) VALUES (?, ?)
2021-09-14 07:54:21,545 INFO sqlalchemy.engine.base.Engine : (3, 1)
2021-09-14 07:54:21,545 INFO sqlalchemy.engine.base.Engine : COMMIT
2021-09-14 07:54:29,035 INFO sqlalchemy.engine.base.Engine : BEGIN (implicit)
2021-09-14 07:54:29,036 INFO sqlalchemy.engine.base.Engine : SELECT note_model.id AS note_model_id, note_model.author_id AS note_model_author_id, note_model.text AS note_model_text, note_model.private AS note_model_private 
FROM note_model 
WHERE note_model.id = ?
2021-09-14 07:54:29,036 INFO sqlalchemy.engine.base.Engine : (7,)
2021-09-14 07:54:29,037 INFO sqlalchemy.engine.base.Engine : SELECT tag.id AS tag_id, tag.name AS tag_name 
FROM tag, tags 
WHERE ? = tags.note_model_id AND tag.id = tags.tag_id
2021-09-14 07:54:29,037 INFO sqlalchemy.engine.base.Engine : (7,)
2021-09-14 07:54:33,866 INFO sqlalchemy.engine.base.Engine : SELECT tag.id AS tag_id, tag.name AS tag_name 
FROM tag 
WHERE tag.id = ?
2021-09-14 07:54:33,866 INFO sqlalchemy.engine.base.Engine : (3,)
2021-09-14 07:54:33,867 INFO sqlalchemy.engine.base.Engine : INSERT INTO tags (tag_id, note_model_id) VALUES (?, ?)
2021-09-14 07:54:33,868 INFO sqlalchemy.engine.base.Engine : (3, 7)
2021-09-14 07:54:33,869 INFO sqlalchemy.engine.base.Engine : COMMIT
2021-09-14 07:57:07,945 INFO sqlalchemy.engine.base.Engine : BEGIN (implicit)
2021-09-14 07:57:07,946 INFO sqlalchemy.engine.base.Engine : SELECT note_model.id AS note_model_id, note_model.author_id AS note_model_author_id, note_model.text AS note_model_text, note_model.private AS note_model_private 
FROM note_model 
WHERE note_model.id = ?
2021-09-14 07:57:07,946 INFO sqlalchemy.engine.base.Engine : (1,)
2021-09-14 07:57:07,948 INFO sqlalchemy.engine.base.Engine : SELECT note_model.id AS note_model_id, note_model.author_id AS note_model_author_id, note_model.text AS note_model_text, note_model.private AS note_model_private 
FROM note_model 
WHERE note_model.id = ?
2021-09-14 07:57:07,948 INFO sqlalchemy.engine.base.Engine : (2,)
2021-09-14 07:57:07,949 INFO sqlalchemy.engine.base.Engine : SELECT note_model.id AS note_model_id, note_model.author_id AS note_model_author_id, note_model.text AS note_model_text, note_model.private AS note_model_private 
FROM note_model 
WHERE note_model.id = ?
2021-09-14 07:57:07,949 INFO sqlalchemy.engine.base.Engine : (3,)
2021-09-14 07:57:07,950 INFO sqlalchemy.engine.base.Engine : SELECT note_model.id AS note_model_id, note_model.author_id AS note_model_author_id, note_model.text AS note_model_text, note_model.private AS note_model_private 
FROM note_model 
WHERE note_model.id = ?
2021-09-14 07:57:07,950 INFO sqlalchemy.engine.base.Engine : (4,)
2021-09-14 07:57:07,951 INFO sqlalchemy.engine.base.Engine : SELECT note_model.id AS note_model_id, note_model.author_id AS note_model_author_id, note_model.text AS note_model_text, note_model.private AS note_model_private 
FROM note_model 
WHERE note_model.id = ?
2021-09-14 07:57:07,951 INFO sqlalchemy.engine.base.Engine : (5,)
2021-09-14 07:57:07,952 INFO sqlalchemy.engine.base.Engine : SELECT note_model.id AS note_model_id, note_model.author_id AS note_model_author_id, note_model.text AS note_model_text, note_model.private AS note_model_private 
FROM note_model 
WHERE note_model.id = ?
2021-09-14 07:57:07,952 INFO sqlalchemy.engine.base.Engine : (6,)
2021-09-14 07:57:07,953 INFO sqlalchemy.engine.base.Engine : SELECT note_model.id AS note_model_id, note_model.author_id AS note_model_author_id, note_model.text AS note_model_text, note_model.private AS note_model_private 
FROM note_model 
WHERE note_model.id = ?
2021-09-14 07:57:07,953 INFO sqlalchemy.engine.base.Engine : (7,)
2021-09-14 08:01:48,445 INFO sqlalchemy.engine.base.Engine : SELECT note_model.id AS note_model_id, note_model.author_id AS note_model_author_id, note_model.text AS note_model_text, note_model.private AS note_model_private 
FROM note_model 
WHERE EXISTS (SELECT 1 
FROM tags, tag 
WHERE note_model.id = tags.note_model_id AND tag.id = tags.tag_id AND tag.name = ?)
2021-09-14 08:01:48,446 INFO sqlalchemy.engine.base.Engine : ('adm-tag',)
2021-09-14 08:01:48,447 INFO sqlalchemy.engine.base.Engine : SELECT tag.id AS tag_id, tag.name AS tag_name, anon_1.note_model_id AS anon_1_note_model_id 
FROM (SELECT note_model.id AS note_model_id 
FROM note_model 
WHERE EXISTS (SELECT 1 
FROM tags, tag 
WHERE note_model.id = tags.note_model_id AND tag.id = tags.tag_id AND tag.name = ?)) AS anon_1 JOIN tags AS tags_1 ON anon_1.note_model_id = tags_1.note_model_id JOIN tag ON tag.id = tags_1.tag_id
2021-09-14 08:01:48,448 INFO sqlalchemy.engine.base.Engine : ('adm-tag',)
2021-09-14 08:02:31,104 INFO sqlalchemy.engine.base.Engine : SELECT note_model.id AS note_model_id, note_model.author_id AS note_model_author_id, note_model.text AS note_model_text, note_model.private AS note_model_private 
FROM note_model 
WHERE EXISTS (SELECT 1 
FROM tags, tag 
WHERE note_model.id = tags.note_model_id AND tag.id = tags.tag_id AND tag.name = ?)
2021-09-14 08:02:31,105 INFO sqlalchemy.engine.base.Engine : ('tag-important',)
2021-09-14 08:02:31,106 INFO sqlalchemy.engine.base.Engine : SELECT tag.id AS tag_id, tag.name AS tag_name, anon_1.note_model_id AS anon_1_note_model_id 
FROM (SELECT note_model.id AS note_model_id 
FROM note_model 
WHERE EXISTS (SELECT 1 
FROM tags, tag 
WHERE note_model.id = tags.note_model_id AND tag.id = tags.tag_id AND tag.name = ?)) AS anon_1 JOIN tags AS tags_1 ON anon_1.note_model_id = tags_1.note_model_id JOIN tag ON tag.id = tags_1.tag_id
2021-09-14 08:02:31,106 INFO sqlalchemy.engine.base.Engine : ('tag-important',)
2021-09-14 08:39:32,585 INFO sqlalchemy.engine.base.Engine : ROLLBACK
2021-09-14 08:40:39,398 WARNING werkzeug :  * Debugger is active!
2021-09-14 08:48:33,801 WARNING werkzeug :  * Debugger is active!
2021-09-14 08:49:06,454 INFO sqlalchemy.engine.base.Engine : SELECT CAST('test plain returns' AS VARCHAR(60)) AS anon_1
2021-09-14 08:49:06,455 INFO sqlalchemy.engine.base.Engine : ()
2021-09-14 08:49:06,456 INFO sqlalchemy.engine.base.Engine : SELECT CAST('test unicode returns' AS VARCHAR(60)) AS anon_1
2021-09-14 08:49:06,456 INFO sqlalchemy.engine.base.Engine : ()
2021-09-14 08:49:06,456 INFO sqlalchemy.engine.base.Engine : BEGIN (implicit)
2021-09-14 08:49:06,458 INFO sqlalchemy.engine.base.Engine : SELECT user_model.id AS user_model_id, user_model.username AS user_model_username, user_model.password_hash AS user_model_password_hash, user_model.is_staff AS user_model_is_staff, user_model.role AS user_model_role 
FROM user_model 
WHERE user_model.username = ?
 LIMIT ? OFFSET ?
2021-09-14 08:49:06,458 INFO sqlalchemy.engine.base.Engine : ('', 1, 0)
2021-09-14 08:49:06,460 INFO sqlalchemy.engine.base.Engine : ROLLBACK
2021-09-14 08:49:30,234 INFO sqlalchemy.engine.base.Engine : BEGIN (implicit)
2021-09-14 08:49:30,235 INFO sqlalchemy.engine.base.Engine : SELECT user_model.id AS user_model_id, user_model.username AS user_model_username, user_model.password_hash AS user_model_password_hash, user_model.is_staff AS user_model_is_staff, user_model.role AS user_model_role 
FROM user_model 
WHERE user_model.username = ?
 LIMIT ? OFFSET ?
2021-09-14 08:49:30,235 INFO sqlalchemy.engine.base.Engine : ('admin', 1, 0)
2021-09-14 08:49:30,680 INFO sqlalchemy.engine.base.Engine : SELECT note_model.id AS note_model_id, note_model.author_id AS note_model_author_id, note_model.text AS note_model_text, note_model.private AS note_model_private 
FROM note_model 
WHERE note_model.id = ?
2021-09-14 08:49:30,681 INFO sqlalchemy.engine.base.Engine : (1,)
2021-09-14 08:49:30,682 INFO sqlalchemy.engine.base.Engine : SELECT tag.id AS tag_id, tag.name AS tag_name, anon_1.note_model_id AS anon_1_note_model_id 
FROM (SELECT note_model.id AS note_model_id 
FROM note_model 
WHERE note_model.id = ?) AS anon_1 JOIN tags AS tags_1 ON anon_1.note_model_id = tags_1.note_model_id JOIN tag ON tag.id = tags_1.tag_id
2021-09-14 08:49:30,682 INFO sqlalchemy.engine.base.Engine : (1,)
2021-09-14 08:50:18,831 WARNING werkzeug :  * Debugger is active!
2021-09-14 08:50:27,321 WARNING werkzeug :  * Debugger is active!
2021-09-14 08:50:46,669 INFO sqlalchemy.engine.base.Engine : SELECT CAST('test plain returns' AS VARCHAR(60)) AS anon_1
2021-09-14 08:50:46,669 INFO sqlalchemy.engine.base.Engine : ()
2021-09-14 08:50:46,670 INFO sqlalchemy.engine.base.Engine : SELECT CAST('test unicode returns' AS VARCHAR(60)) AS anon_1
2021-09-14 08:50:46,670 INFO sqlalchemy.engine.base.Engine : ()
2021-09-14 08:50:46,670 INFO sqlalchemy.engine.base.Engine : BEGIN (implicit)
2021-09-14 08:50:46,671 INFO sqlalchemy.engine.base.Engine : SELECT user_model.id AS user_model_id, user_model.username AS user_model_username, user_model.password_hash AS user_model_password_hash, user_model.is_staff AS user_model_is_staff, user_model.role AS user_model_role 
FROM user_model 
WHERE user_model.username = ?
 LIMIT ? OFFSET ?
2021-09-14 08:50:46,671 INFO sqlalchemy.engine.base.Engine : ('admin', 1, 0)
2021-09-14 08:50:47,110 INFO sqlalchemy.engine.base.Engine : SELECT note_model.id AS note_model_id, note_model.author_id AS note_model_author_id, note_model.text AS note_model_text, note_model.private AS note_model_private 
FROM note_model 
WHERE note_model.id = ?
2021-09-14 08:50:47,110 INFO sqlalchemy.engine.base.Engine : (1,)
2021-09-14 08:50:47,111 INFO sqlalchemy.engine.base.Engine : SELECT tag.id AS tag_id, tag.name AS tag_name, anon_1.note_model_id AS anon_1_note_model_id 
FROM (SELECT note_model.id AS note_model_id 
FROM note_model 
WHERE note_model.id = ?) AS anon_1 JOIN tags AS tags_1 ON anon_1.note_model_id = tags_1.note_model_id JOIN tag ON tag.id = tags_1.tag_id
2021-09-14 08:50:47,112 INFO sqlalchemy.engine.base.Engine : (1,)
2021-09-14 08:52:09,392 WARNING werkzeug :  * Debugger is active!
2021-09-14 08:52:25,147 WARNING werkzeug :  * Debugger is active!
2021-09-14 08:53:37,044 WARNING werkzeug :  * Debugger is active!
2021-09-14 08:53:41,897 INFO sqlalchemy.engine.base.Engine : SELECT CAST('test plain returns' AS VARCHAR(60)) AS anon_1
2021-09-14 08:53:41,897 INFO sqlalchemy.engine.base.Engine : ()
2021-09-14 08:53:41,898 INFO sqlalchemy.engine.base.Engine : SELECT CAST('test unicode returns' AS VARCHAR(60)) AS anon_1
2021-09-14 08:53:41,898 INFO sqlalchemy.engine.base.Engine : ()
2021-09-14 08:53:41,898 INFO sqlalchemy.engine.base.Engine : BEGIN (implicit)
2021-09-14 08:53:41,900 INFO sqlalchemy.engine.base.Engine : SELECT user_model.id AS user_model_id, user_model.username AS user_model_username, user_model.password_hash AS user_model_password_hash, user_model.is_staff AS user_model_is_staff, user_model.role AS user_model_role 
FROM user_model
2021-09-14 08:53:41,900 INFO sqlalchemy.engine.base.Engine : ()
2021-09-14 08:53:41,902 INFO sqlalchemy.engine.base.Engine : ROLLBACK
